[0527/180639.838:ERROR:process_memory_win.cc(73)] ReadMemory at 0x7ff7be370000 of 64 bytes failed: Only part of a ReadProcessMemory or WriteProcessMemory request was completed. (0x12B)
[0527/180639.839:WARNING:pe_image_reader.cc(340)] could not read dos header from C:\Program Files (x86)\Google\Chrome\Application\chrome.exe
[0527/180639.839:ERROR:process_memory_win.cc(73)] ReadMemory at 0x7ff913240000 of 64 bytes failed: Only part of a ReadProcessMemory or WriteProcessMemory request was completed. (0x12B)
[0527/180639.839:WARNING:pe_image_reader.cc(340)] could not read dos header from C:\WINDOWS\SYSTEM32\ntdll.dll
[0527/180639.840:ERROR:process_memory_win.cc(73)] ReadMemory at 0x7ff9124b0000 of 64 bytes failed: Only part of a ReadProcessMemory or WriteProcessMemory request was completed. (0x12B)
[0527/180639.840:WARNING:pe_image_reader.cc(340)] could not read dos header from C:\WINDOWS\System32\KERNEL32.DLL
[0527/180639.840:ERROR:process_memory_win.cc(73)] ReadMemory at 0x7ff90fe20000 of 64 bytes failed: Only part of a ReadProcessMemory or WriteProcessMemory request was completed. (0x12B)
[0527/180639.840:WARNING:pe_image_reader.cc(340)] could not read dos header from C:\WINDOWS\System32\KERNELBASE.dll
[0527/180639.840:ERROR:process_memory_win.cc(73)] ReadMemory at 0x7ff8d2d10000 of 64 bytes failed: Only part of a ReadProcessMemory or WriteProcessMemory request was completed. (0x12B)
[0527/180639.840:WARNING:pe_image_reader.cc(340)] could not read dos header from C:\Program Files (x86)\Google\Chrome\Application\83.0.4103.61\chrome_elf.dll
[0527/180639.840:ERROR:process_memory_win.cc(73)] ReadMemory at 0x7ff906f10000 of 64 bytes failed: Only part of a ReadProcessMemory or WriteProcessMemory request was completed. (0x12B)
[0527/180639.840:WARNING:pe_image_reader.cc(340)] could not read dos header from C:\WINDOWS\SYSTEM32\VERSION.dll
[0527/180639.840:ERROR:process_memory_win.cc(73)] ReadMemory at 0x7ff910b90000 of 64 bytes failed: Only part of a ReadProcessMemory or WriteProcessMemory request was completed. (0x12B)
[0527/180639.840:WARNING:pe_image_reader.cc(340)] could not read dos header from C:\WINDOWS\System32\msvcrt.dll
[0527/180639.840:ERROR:process_memory_win.cc(73)] ReadMemory at 0x7ff90fd60000 of 64 bytes failed: Only part of a ReadProcessMemory or WriteProcessMemory request was completed. (0x12B)
[0527/180639.840:WARNING:pe_image_reader.cc(340)] could not read dos header from C:\WINDOWS\System32\bcryptPrimitives.dll
[0527/180639.841:ERROR:process_memory_win.cc(73)] ReadMemory at 0x7ff9105f0000 of 64 bytes failed: Only part of a ReadProcessMemory or WriteProcessMemory request was completed. (0x12B)
[0527/180639.841:WARNING:pe_image_reader.cc(340)] could not read dos header from C:\WINDOWS\System32\ADVAPI32.dll
[0527/180639.841:ERROR:process_memory_win.cc(73)] ReadMemory at 0x7ff9104f0000 of 64 bytes failed: Only part of a ReadProcessMemory or WriteProcessMemory request was completed. (0x12B)
[0527/180639.841:WARNING:pe_image_reader.cc(340)] could not read dos header from C:\WINDOWS\System32\sechost.dll
[0527/180639.841:ERROR:process_memory_win.cc(73)] ReadMemory at 0x7ff912840000 of 64 bytes failed: Only part of a ReadProcessMemory or WriteProcessMemory request was completed. (0x12B)
[0527/180639.841:WARNING:pe_image_reader.cc(340)] could not read dos header from C:\WINDOWS\System32\RPCRT4.dll
[0527/180639.841:ERROR:process_memory_win.cc(73)] ReadMemory at 0x7ff8c09b0000 of 64 bytes failed: Only part of a ReadProcessMemory or WriteProcessMemory request was completed. (0x12B)
[0527/180639.841:WARNING:pe_image_reader.cc(340)] could not read dos header from C:\Program Files (x86)\Google\Chrome\Application\83.0.4103.61\chrome.dll
[0527/180639.841:ERROR:process_memory_win.cc(73)] ReadMemory at 0x7ff910d00000 of 64 bytes failed: Only part of a ReadProcessMemory or WriteProcessMemory request was completed. (0x12B)
[0527/180639.841:WARNING:pe_image_reader.cc(340)] could not read dos header from C:\WINDOWS\System32\WS2_32.dll
[0527/180639.841:ERROR:process_memory_win.cc(73)] ReadMemory at 0x7ff912710000 of 64 bytes failed: Only part of a ReadProcessMemory or WriteProcessMemory request was completed. (0x12B)
[0527/180639.841:WARNING:pe_image_reader.cc(340)] could not read dos header from C:\WINDOWS\System32\OLEAUT32.dll
[0527/180639.841:ERROR:process_memory_win.cc(73)] ReadMemory at 0x7ff90fae0000 of 64 bytes failed: Only part of a ReadProcessMemory or WriteProcessMemory request was completed. (0x12B)
[0527/180639.841:WARNING:pe_image_reader.cc(340)] could not read dos header from C:\WINDOWS\System32\msvcp_win.dll
[0527/180639.841:ERROR:process_memory_win.cc(73)] ReadMemory at 0x7ff9101c0000 of 64 bytes failed: Only part of a ReadProcessMemory or WriteProcessMemory request was completed. (0x12B)
[0527/180639.841:WARNING:pe_image_reader.cc(340)] could not read dos header from C:\WINDOWS\System32\ucrtbase.dll
[0527/180639.841:ERROR:process_memory_win.cc(73)] ReadMemory at 0x7ff910860000 of 64 bytes failed: Only part of a ReadProcessMemory or WriteProcessMemory request was completed. (0x12B)
[0527/180639.841:WARNING:pe_image_reader.cc(340)] could not read dos header from C:\WINDOWS\System32\combase.dll
[0527/180639.841:ERROR:process_memory_win.cc(73)] ReadMemory at 0x7ff90f300000 of 64 bytes failed: Only part of a ReadProcessMemory or WriteProcessMemory request was completed. (0x12B)
[0527/180639.841:WARNING:pe_image_reader.cc(340)] could not read dos header from C:\WINDOWS\System32\WINTRUST.dll
[0527/180639.841:ERROR:process_memory_win.cc(73)] ReadMemory at 0x7ff90f2b0000 of 64 bytes failed: Only part of a ReadProcessMemory or WriteProcessMemory request was completed. (0x12B)
[0527/180639.841:WARNING:pe_image_reader.cc(340)] could not read dos header from C:\WINDOWS\System32\MSASN1.dll
[0527/180639.841:ERROR:process_memory_win.cc(73)] ReadMemory at 0x7ff90fb80000 of 64 bytes failed: Only part of a ReadProcessMemory or WriteProcessMemory request was completed. (0x12B)
[0527/180639.841:WARNING:pe_image_reader.cc(340)] could not read dos header from C:\WINDOWS\System32\CRYPT32.dll
[0527/180639.842:ERROR:process_memory_win.cc(73)] ReadMemory at 0x7ff90e760000 of 64 bytes failed: Only part of a ReadProcessMemory or WriteProcessMemory request was completed. (0x12B)
[0527/180639.842:WARNING:pe_image_reader.cc(340)] could not read dos header from C:\WINDOWS\SYSTEM32\IPHLPAPI.DLL
[0527/180639.842:ERROR:process_memory_win.cc(73)] ReadMemory at 0x7ff90bd00000 of 64 bytes failed: Only part of a ReadProcessMemory or WriteProcessMemory request was completed. (0x12B)
[0527/180639.842:WARNING:pe_image_reader.cc(340)] could not read dos header from C:\WINDOWS\SYSTEM32\WINMM.dll
[0527/180639.842:ERROR:process_memory_win.cc(73)] ReadMemory at 0x7ff8e9c30000 of 64 bytes failed: Only part of a ReadProcessMemory or WriteProcessMemory request was completed. (0x12B)
[0527/180639.842:WARNING:pe_image_reader.cc(340)] could not read dos header from C:\WINDOWS\SYSTEM32\Secur32.dll
[0527/180639.842:ERROR:process_memory_win.cc(73)] ReadMemory at 0x7ff90f130000 of 64 bytes failed: Only part of a ReadProcessMemory or WriteProcessMemory request was completed. (0x12B)
[0527/180639.842:WARNING:pe_image_reader.cc(340)] could not read dos header from C:\WINDOWS\SYSTEM32\USERENV.dll
[0527/180639.842:ERROR:process_memory_win.cc(73)] ReadMemory at 0x7ff90f2d0000 of 64 bytes failed: Only part of a ReadProcessMemory or WriteProcessMemory request was completed. (0x12B)
[0527/180639.842:WARNING:pe_image_reader.cc(340)] could not read dos header from C:\WINDOWS\System32\profapi.dll
[0527/180639.842:ERROR:process_memory_win.cc(73)] ReadMemory at 0x7ff8e5f00000 of 64 bytes failed: Only part of a ReadProcessMemory or WriteProcessMemory request was completed. (0x12B)
[0527/180639.842:WARNING:pe_image_reader.cc(340)] could not read dos header from C:\WINDOWS\SYSTEM32\UIAutomationCore.DLL
[0527/180639.842:ERROR:process_memory_win.cc(73)] ReadMemory at 0x7ff8ff2e0000 of 64 bytes failed: Only part of a ReadProcessMemory or WriteProcessMemory request was completed. (0x12B)
[0527/180639.842:WARNING:pe_image_reader.cc(340)] could not read dos header from C:\WINDOWS\SYSTEM32\DWrite.dll
[0527/180639.842:ERROR:process_memory_win.cc(73)] ReadMemory at 0x7ff908d20000 of 64 bytes failed: Only part of a ReadProcessMemory or WriteProcessMemory request was completed. (0x12B)
[0527/180639.842:WARNING:pe_image_reader.cc(340)] could not read dos header from C:\WINDOWS\SYSTEM32\WINSPOOL.DRV
[0527/180639.842:ERROR:process_memory_win.cc(73)] ReadMemory at 0x7ff90f230000 of 64 bytes failed: Only part of a ReadProcessMemory or WriteProcessMemory request was completed. (0x12B)
[0527/180639.842:WARNING:pe_image_reader.cc(340)] could not read dos header from C:\WINDOWS\System32\kernel.appcore.dll
[0527/180639.842:ERROR:process_memory_win.cc(73)] ReadMemory at 0x7ff90f360000 of 64 bytes failed: Only part of a ReadProcessMemory or WriteProcessMemory request was completed. (0x12B)
[0527/180639.842:WARNING:pe_image_reader.cc(340)] could not read dos header from C:\WINDOWS\System32\bcrypt.dll
[0527/180639.842:ERROR:process_memory_win.cc(73)] ReadMemory at 0x7ff8e9270000 of 64 bytes failed: Only part of a ReadProcessMemory or WriteProcessMemory request was completed. (0x12B)
[0527/180639.842:WARNING:pe_image_reader.cc(340)] could not read dos header from C:\WINDOWS\SYSTEM32\dbghelp.dll
[0527/180639.842:ERROR:process_memory_win.cc(73)] ReadMemory at 0x7ff90b190000 of 64 bytes failed: Only part of a ReadProcessMemory or WriteProcessMemory request was completed. (0x12B)
[0527/180639.843:WARNING:pe_image_reader.cc(340)] could not read dos header from C:\WINDOWS\SYSTEM32\WINHTTP.dll
[0527/180639.843:ERROR:process_memory_win.cc(73)] ReadMemory at 0x7ff909a60000 of 64 bytes failed: Only part of a ReadProcessMemory or WriteProcessMemory request was completed. (0x12B)
[0527/180639.843:WARNING:pe_image_reader.cc(340)] could not read dos header from C:\WINDOWS\SYSTEM32\dhcpcsvc.DLL
[0527/180639.843:ERROR:process_memory_win.cc(73)] ReadMemory at 0x7ff910850000 of 64 bytes failed: Only part of a ReadProcessMemory or WriteProcessMemory request was completed. (0x12B)
[0527/180639.843:WARNING:pe_image_reader.cc(340)] could not read dos header from C:\WINDOWS\System32\NSI.dll
[0527/180639.843:ERROR:process_memory_win.cc(73)] ReadMemory at 0x7ff90bcd0000 of 64 bytes failed: Only part of a ReadProcessMemory or WriteProcessMemory request was completed. (0x12B)
[0527/180639.843:WARNING:pe_image_reader.cc(340)] could not read dos header from C:\WINDOWS\SYSTEM32\WINMMBASE.dll
[0527/180639.843:ERROR:process_memory_win.cc(73)] ReadMemory at 0x7ff9100c0000 of 64 bytes failed: Only part of a ReadProcessMemory or WriteProcessMemory request was completed. (0x12B)
[0527/180639.843:WARNING:pe_image_reader.cc(340)] could not read dos header from C:\WINDOWS\System32\cfgmgr32.dll
[0527/180639.843:ERROR:process_memory_win.cc(73)] ReadMemory at 0x7ff904620000 of 64 bytes failed: Only part of a ReadProcessMemory or WriteProcessMemory request was completed. (0x12B)
[0527/180639.843:WARNING:pe_image_reader.cc(340)] could not read dos header from C:\WINDOWS\SYSTEM32\Bcp47Langs.dll
[0527/180639.843:ERROR:process_memory_win.cc(73)] ReadMemory at 0x7ff90dcf0000 of 64 bytes failed: Only part of a ReadProcessMemory or WriteProcessMemory request was completed. (0x12B)
[0527/180639.843:WARNING:pe_image_reader.cc(340)] could not read dos header from C:\WINDOWS\SYSTEM32\PROPSYS.dll
[0527/180639.843:ERROR:process_memory_win.cc(73)] ReadMemory at 0x7ff912ae0000 of 64 bytes failed: Only part of a ReadProcessMemory or WriteProcessMemory request was completed. (0x12B)
[0527/180639.843:WARNING:pe_image_reader.cc(340)] could not read dos header from C:\WINDOWS\System32\shcore.dll
[0527/180639.843:ERROR:process_memory_win.cc(73)] ReadMemory at 0x7ff90f160000 of 64 bytes failed: Only part of a ReadProcessMemory or WriteProcessMemory request was completed. (0x12B)
[0527/180639.843:WARNING:pe_image_reader.cc(340)] could not read dos header from C:\WINDOWS\SYSTEM32\SSPICLI.DLL
[0527/180639.843:ERROR:process_memory_win.cc(73)] ReadMemory at 0x7ff90ec10000 of 64 bytes failed: Only part of a ReadProcessMemory or WriteProcessMemory request was completed. (0x12B)
[0527/180639.843:WARNING:pe_image_reader.cc(340)] could not read dos header from C:\WINDOWS\SYSTEM32\CRYPTBASE.DLL
[0527/180639.848:ERROR:process_memory_win.cc(73)] ReadMemory at 0x7ff7be370000 of 64 bytes failed: Only part of a ReadProcessMemory or WriteProcessMemory request was completed. (0x12B)
[0527/180639.848:WARNING:pe_image_reader.cc(340)] could not read dos header from C:\Program Files (x86)\Google\Chrome\Application\chrome.exe
[0527/180639.848:ERROR:process_memory_win.cc(73)] ReadMemory at 0x7ff913240000 of 64 bytes failed: Only part of a ReadProcessMemory or WriteProcessMemory request was completed. (0x12B)
[0527/180639.848:WARNING:pe_image_reader.cc(340)] could not read dos header from C:\WINDOWS\SYSTEM32\ntdll.dll
[0527/180639.848:ERROR:process_memory_win.cc(73)] ReadMemory at 0x7ff9124b0000 of 64 bytes failed: Only part of a ReadProcessMemory or WriteProcessMemory request was completed. (0x12B)
[0527/180639.848:WARNING:pe_image_reader.cc(340)] could not read dos header from C:\WINDOWS\System32\KERNEL32.DLL
[0527/180639.848:ERROR:process_memory_win.cc(73)] ReadMemory at 0x7ff90fe20000 of 64 bytes failed: Only part of a ReadProcessMemory or WriteProcessMemory request was completed. (0x12B)
[0527/180639.848:WARNING:pe_image_reader.cc(340)] could not read dos header from C:\WINDOWS\System32\KERNELBASE.dll
[0527/180639.848:ERROR:process_memory_win.cc(73)] ReadMemory at 0x7ff8d2d10000 of 64 bytes failed: Only part of a ReadProcessMemory or WriteProcessMemory request was completed. (0x12B)
[0527/180639.848:WARNING:pe_image_reader.cc(340)] could not read dos header from C:\Program Files (x86)\Google\Chrome\Application\83.0.4103.61\chrome_elf.dll
[0527/180639.848:ERROR:process_memory_win.cc(73)] ReadMemory at 0x7ff906f10000 of 64 bytes failed: Only part of a ReadProcessMemory or WriteProcessMemory request was completed. (0x12B)
[0527/180639.848:WARNING:pe_image_reader.cc(340)] could not read dos header from C:\WINDOWS\SYSTEM32\VERSION.dll
[0527/180639.848:ERROR:process_memory_win.cc(73)] ReadMemory at 0x7ff910b90000 of 64 bytes failed: Only part of a ReadProcessMemory or WriteProcessMemory request was completed. (0x12B)
[0527/180639.849:WARNING:pe_image_reader.cc(340)] could not read dos header from C:\WINDOWS\System32\msvcrt.dll
[0527/180639.849:ERROR:process_memory_win.cc(73)] ReadMemory at 0x7ff90fd60000 of 64 bytes failed: Only part of a ReadProcessMemory or WriteProcessMemory request was completed. (0x12B)
[0527/180639.849:WARNING:pe_image_reader.cc(340)] could not read dos header from C:\WINDOWS\System32\bcryptPrimitives.dll
[0527/180639.849:ERROR:process_memory_win.cc(73)] ReadMemory at 0x7ff9105f0000 of 64 bytes failed: Only part of a ReadProcessMemory or WriteProcessMemory request was completed. (0x12B)
[0527/180639.849:WARNING:pe_image_reader.cc(340)] could not read dos header from C:\WINDOWS\System32\ADVAPI32.dll
[0527/180639.849:ERROR:process_memory_win.cc(73)] ReadMemory at 0x7ff9104f0000 of 64 bytes failed: Only part of a ReadProcessMemory or WriteProcessMemory request was completed. (0x12B)
[0527/180639.849:WARNING:pe_image_reader.cc(340)] could not read dos header from C:\WINDOWS\System32\sechost.dll
[0527/180639.849:ERROR:process_memory_win.cc(73)] ReadMemory at 0x7ff912840000 of 64 bytes failed: Only part of a ReadProcessMemory or WriteProcessMemory request was completed. (0x12B)
[0527/180639.849:WARNING:pe_image_reader.cc(340)] could not read dos header from C:\WINDOWS\System32\RPCRT4.dll
[0527/180639.849:ERROR:process_memory_win.cc(73)] ReadMemory at 0x7ff8c09b0000 of 64 bytes failed: Only part of a ReadProcessMemory or WriteProcessMemory request was completed. (0x12B)
[0527/180639.849:WARNING:pe_image_reader.cc(340)] could not read dos header from C:\Program Files (x86)\Google\Chrome\Application\83.0.4103.61\chrome.dll
[0527/180639.849:ERROR:process_memory_win.cc(73)] ReadMemory at 0x7ff910d00000 of 64 bytes failed: Only part of a ReadProcessMemory or WriteProcessMemory request was completed. (0x12B)
[0527/180639.849:WARNING:pe_image_reader.cc(340)] could not read dos header from C:\WINDOWS\System32\WS2_32.dll
[0527/180639.849:ERROR:process_memory_win.cc(73)] ReadMemory at 0x7ff912710000 of 64 bytes failed: Only part of a ReadProcessMemory or WriteProcessMemory request was completed. (0x12B)
[0527/180639.849:WARNING:pe_image_reader.cc(340)] could not read dos header from C:\WINDOWS\System32\OLEAUT32.dll
[0527/180639.849:ERROR:process_memory_win.cc(73)] ReadMemory at 0x7ff90fae0000 of 64 bytes failed: Only part of a ReadProcessMemory or WriteProcessMemory request was completed. (0x12B)
[0527/180639.849:WARNING:pe_image_reader.cc(340)] could not read dos header from C:\WINDOWS\System32\msvcp_win.dll
[0527/180639.849:ERROR:process_memory_win.cc(73)] ReadMemory at 0x7ff9101c0000 of 64 bytes failed: Only part of a ReadProcessMemory or WriteProcessMemory request was completed. (0x12B)
[0527/180639.849:WARNING:pe_image_reader.cc(340)] could not read dos header from C:\WINDOWS\System32\ucrtbase.dll
[0527/180639.849:ERROR:process_memory_win.cc(73)] ReadMemory at 0x7ff910860000 of 64 bytes failed: Only part of a ReadProcessMemory or WriteProcessMemory request was completed. (0x12B)
[0527/180639.849:WARNING:pe_image_reader.cc(340)] could not read dos header from C:\WINDOWS\System32\combase.dll
[0527/180639.849:ERROR:process_memory_win.cc(73)] ReadMemory at 0x7ff90f300000 of 64 bytes failed: Only part of a ReadProcessMemory or WriteProcessMemory request was completed. (0x12B)
[0527/180639.849:WARNING:pe_image_reader.cc(340)] could not read dos header from C:\WINDOWS\System32\WINTRUST.dll
[0527/180639.850:ERROR:process_memory_win.cc(73)] ReadMemory at 0x7ff90f2b0000 of 64 bytes failed: Only part of a ReadProcessMemory or WriteProcessMemory request was completed. (0x12B)
[0527/180639.850:WARNING:pe_image_reader.cc(340)] could not read dos header from C:\WINDOWS\System32\MSASN1.dll
[0527/180639.850:ERROR:process_memory_win.cc(73)] ReadMemory at 0x7ff90fb80000 of 64 bytes failed: Only part of a ReadProcessMemory or WriteProcessMemory request was completed. (0x12B)
[0527/180639.850:WARNING:pe_image_reader.cc(340)] could not read dos header from C:\WINDOWS\System32\CRYPT32.dll
[0527/180639.850:ERROR:process_memory_win.cc(73)] ReadMemory at 0x7ff90e760000 of 64 bytes failed: Only part of a ReadProcessMemory or WriteProcessMemory request was completed. (0x12B)
[0527/180639.850:WARNING:pe_image_reader.cc(340)] could not read dos header from C:\WINDOWS\SYSTEM32\IPHLPAPI.DLL
[0527/180639.850:ERROR:process_memory_win.cc(73)] ReadMemory at 0x7ff90bd00000 of 64 bytes failed: Only part of a ReadProcessMemory or WriteProcessMemory request was completed. (0x12B)
[0527/180639.850:WARNING:pe_image_reader.cc(340)] could not read dos header from C:\WINDOWS\SYSTEM32\WINMM.dll
[0527/180639.850:ERROR:process_memory_win.cc(73)] ReadMemory at 0x7ff8e9c30000 of 64 bytes failed: Only part of a ReadProcessMemory or WriteProcessMemory request was completed. (0x12B)
[0527/180639.850:WARNING:pe_image_reader.cc(340)] could not read dos header from C:\WINDOWS\SYSTEM32\Secur32.dll
[0527/180639.850:ERROR:process_memory_win.cc(73)] ReadMemory at 0x7ff90f130000 of 64 bytes failed: Only part of a ReadProcessMemory or WriteProcessMemory request was completed. (0x12B)
[0527/180639.850:WARNING:pe_image_reader.cc(340)] could not read dos header from C:\WINDOWS\SYSTEM32\USERENV.dll
[0527/180639.850:ERROR:process_memory_win.cc(73)] ReadMemory at 0x7ff90f2d0000 of 64 bytes failed: Only part of a ReadProcessMemory or WriteProcessMemory request was completed. (0x12B)
[0527/180639.850:WARNING:pe_image_reader.cc(340)] could not read dos header from C:\WINDOWS\System32\profapi.dll
[0527/180639.850:ERROR:process_memory_win.cc(73)] ReadMemory at 0x7ff8e5f00000 of 64 bytes failed: Only part of a ReadProcessMemory or WriteProcessMemory request was completed. (0x12B)
[0527/180639.850:WARNING:pe_image_reader.cc(340)] could not read dos header from C:\WINDOWS\SYSTEM32\UIAutomationCore.DLL
[0527/180639.850:ERROR:process_memory_win.cc(73)] ReadMemory at 0x7ff8ff2e0000 of 64 bytes failed: Only part of a ReadProcessMemory or WriteProcessMemory request was completed. (0x12B)
[0527/180639.850:WARNING:pe_image_reader.cc(340)] could not read dos header from C:\WINDOWS\SYSTEM32\DWrite.dll
[0527/180639.850:ERROR:process_memory_win.cc(73)] ReadMemory at 0x7ff908d20000 of 64 bytes failed: Only part of a ReadProcessMemory or WriteProcessMemory request was completed. (0x12B)
[0527/180639.850:WARNING:pe_image_reader.cc(340)] could not read dos header from C:\WINDOWS\SYSTEM32\WINSPOOL.DRV
[0527/180639.850:ERROR:process_memory_win.cc(73)] ReadMemory at 0x7ff90f230000 of 64 bytes failed: Only part of a ReadProcessMemory or WriteProcessMemory request was completed. (0x12B)
[0527/180639.850:WARNING:pe_image_reader.cc(340)] could not read dos header from C:\WINDOWS\System32\kernel.appcore.dll
[0527/180639.850:ERROR:process_memory_win.cc(73)] ReadMemory at 0x7ff90f360000 of 64 bytes failed: Only part of a ReadProcessMemory or WriteProcessMemory request was completed. (0x12B)
[0527/180639.850:WARNING:pe_image_reader.cc(340)] could not read dos header from C:\WINDOWS\System32\bcrypt.dll
[0527/180639.850:ERROR:process_memory_win.cc(73)] ReadMemory at 0x7ff8e9270000 of 64 bytes failed: Only part of a ReadProcessMemory or WriteProcessMemory request was completed. (0x12B)
[0527/180639.851:WARNING:pe_image_reader.cc(340)] could not read dos header from C:\WINDOWS\SYSTEM32\dbghelp.dll
[0527/180639.851:ERROR:process_memory_win.cc(73)] ReadMemory at 0x7ff90b190000 of 64 bytes failed: Only part of a ReadProcessMemory or WriteProcessMemory request was completed. (0x12B)
[0527/180639.851:WARNING:pe_image_reader.cc(340)] could not read dos header from C:\WINDOWS\SYSTEM32\WINHTTP.dll
[0527/180639.851:ERROR:process_memory_win.cc(73)] ReadMemory at 0x7ff909a60000 of 64 bytes failed: Only part of a ReadProcessMemory or WriteProcessMemory request was completed. (0x12B)
[0527/180639.851:WARNING:pe_image_reader.cc(340)] could not read dos header from C:\WINDOWS\SYSTEM32\dhcpcsvc.DLL
[0527/180639.851:ERROR:process_memory_win.cc(73)] ReadMemory at 0x7ff910850000 of 64 bytes failed: Only part of a ReadProcessMemory or WriteProcessMemory request was completed. (0x12B)
[0527/180639.851:WARNING:pe_image_reader.cc(340)] could not read dos header from C:\WINDOWS\System32\NSI.dll
[0527/180639.851:ERROR:process_memory_win.cc(73)] ReadMemory at 0x7ff90bcd0000 of 64 bytes failed: Only part of a ReadProcessMemory or WriteProcessMemory request was completed. (0x12B)
[0527/180639.851:WARNING:pe_image_reader.cc(340)] could not read dos header from C:\WINDOWS\SYSTEM32\WINMMBASE.dll
[0527/180639.851:ERROR:process_memory_win.cc(73)] ReadMemory at 0x7ff9100c0000 of 64 bytes failed: Only part of a ReadProcessMemory or WriteProcessMemory request was completed. (0x12B)
[0527/180639.851:WARNING:pe_image_reader.cc(340)] could not read dos header from C:\WINDOWS\System32\cfgmgr32.dll
[0527/180639.851:ERROR:process_memory_win.cc(73)] ReadMemory at 0x7ff904620000 of 64 bytes failed: Only part of a ReadProcessMemory or WriteProcessMemory request was completed. (0x12B)
[0527/180639.851:WARNING:pe_image_reader.cc(340)] could not read dos header from C:\WINDOWS\SYSTEM32\Bcp47Langs.dll
[0527/180639.851:ERROR:process_memory_win.cc(73)] ReadMemory at 0x7ff90dcf0000 of 64 bytes failed: Only part of a ReadProcessMemory or WriteProcessMemory request was completed. (0x12B)
[0527/180639.851:WARNING:pe_image_reader.cc(340)] could not read dos header from C:\WINDOWS\SYSTEM32\PROPSYS.dll
[0527/180639.851:ERROR:process_memory_win.cc(73)] ReadMemory at 0x7ff912ae0000 of 64 bytes failed: Only part of a ReadProcessMemory or WriteProcessMemory request was completed. (0x12B)
[0527/180639.851:WARNING:pe_image_reader.cc(340)] could not read dos header from C:\WINDOWS\System32\shcore.dll
[0527/180639.851:ERROR:process_memory_win.cc(73)] ReadMemory at 0x7ff90f160000 of 64 bytes failed: Only part of a ReadProcessMemory or WriteProcessMemory request was completed. (0x12B)
[0527/180639.851:WARNING:pe_image_reader.cc(340)] could not read dos header from C:\WINDOWS\SYSTEM32\SSPICLI.DLL
[0527/180639.851:ERROR:process_memory_win.cc(73)] ReadMemory at 0x7ff90ec10000 of 64 bytes failed: Only part of a ReadProcessMemory or WriteProcessMemory request was completed. (0x12B)
[0527/180639.851:WARNING:pe_image_reader.cc(340)] could not read dos header from C:\WINDOWS\SYSTEM32\CRYPTBASE.DLL
[0527/180639.851:ERROR:process_memory_win.cc(73)] ReadMemory at 0x7ff7be370000 of 64 bytes failed: Only part of a ReadProcessMemory or WriteProcessMemory request was completed. (0x12B)
[0527/180639.851:WARNING:pe_image_reader.cc(340)] could not read dos header from C:\Program Files (x86)\Google\Chrome\Application\chrome.exe
[0527/180639.851:ERROR:process_memory_win.cc(73)] ReadMemory at 0x7ff913240000 of 64 bytes failed: Only part of a ReadProcessMemory or WriteProcessMemory request was completed. (0x12B)
[0527/180639.851:WARNING:pe_image_reader.cc(340)] could not read dos header from C:\WINDOWS\SYSTEM32\ntdll.dll
[0527/180639.852:ERROR:process_memory_win.cc(73)] ReadMemory at 0x7ff9124b0000 of 64 bytes failed: Only part of a ReadProcessMemory or WriteProcessMemory request was completed. (0x12B)
[0527/180639.852:WARNING:pe_image_reader.cc(340)] could not read dos header from C:\WINDOWS\System32\KERNEL32.DLL
[0527/180639.852:ERROR:process_memory_win.cc(73)] ReadMemory at 0x7ff90fe20000 of 64 bytes failed: Only part of a ReadProcessMemory or WriteProcessMemory request was completed. (0x12B)
[0527/180639.852:WARNING:pe_image_reader.cc(340)] could not read dos header from C:\WINDOWS\System32\KERNELBASE.dll
[0527/180639.852:ERROR:process_memory_win.cc(73)] ReadMemory at 0x7ff8d2d10000 of 64 bytes failed: Only part of a ReadProcessMemory or WriteProcessMemory request was completed. (0x12B)
[0527/180639.852:WARNING:pe_image_reader.cc(340)] could not read dos header from C:\Program Files (x86)\Google\Chrome\Application\83.0.4103.61\chrome_elf.dll
[0527/180639.852:ERROR:process_memory_win.cc(73)] ReadMemory at 0x7ff906f10000 of 64 bytes failed: Only part of a ReadProcessMemory or WriteProcessMemory request was completed. (0x12B)
[0527/180639.852:WARNING:pe_image_reader.cc(340)] could not read dos header from C:\WINDOWS\SYSTEM32\VERSION.dll
[0527/180639.852:ERROR:process_memory_win.cc(73)] ReadMemory at 0x7ff910b90000 of 64 bytes failed: Only part of a ReadProcessMemory or WriteProcessMemory request was completed. (0x12B)
[0527/180639.852:WARNING:pe_image_reader.cc(340)] could not read dos header from C:\WINDOWS\System32\msvcrt.dll
[0527/180639.852:ERROR:process_memory_win.cc(73)] ReadMemory at 0x7ff90fd60000 of 64 bytes failed: Only part of a ReadProcessMemory or WriteProcessMemory request was completed. (0x12B)
[0527/180639.852:WARNING:pe_image_reader.cc(340)] could not read dos header from C:\WINDOWS\System32\bcryptPrimitives.dll
[0527/180639.852:ERROR:process_memory_win.cc(73)] ReadMemory at 0x7ff9105f0000 of 64 bytes failed: Only part of a ReadProcessMemory or WriteProcessMemory request was completed. (0x12B)
[0527/180639.852:WARNING:pe_image_reader.cc(340)] could not read dos header from C:\WINDOWS\System32\ADVAPI32.dll
[0527/180639.852:ERROR:process_memory_win.cc(73)] ReadMemory at 0x7ff9104f0000 of 64 bytes failed: Only part of a ReadProcessMemory or WriteProcessMemory request was completed. (0x12B)
[0527/180639.852:WARNING:pe_image_reader.cc(340)] could not read dos header from C:\WINDOWS\System32\sechost.dll
[0527/180639.852:ERROR:process_memory_win.cc(73)] ReadMemory at 0x7ff912840000 of 64 bytes failed: Only part of a ReadProcessMemory or WriteProcessMemory request was completed. (0x12B)
[0527/180639.852:WARNING:pe_image_reader.cc(340)] could not read dos header from C:\WINDOWS\System32\RPCRT4.dll
[0527/180639.852:ERROR:process_memory_win.cc(73)] ReadMemory at 0x7ff8c09b0000 of 64 bytes failed: Only part of a ReadProcessMemory or WriteProcessMemory request was completed. (0x12B)
[0527/180639.852:WARNING:pe_image_reader.cc(340)] could not read dos header from C:\Program Files (x86)\Google\Chrome\Application\83.0.4103.61\chrome.dll
[0527/180639.852:ERROR:process_memory_win.cc(73)] ReadMemory at 0x7ff910d00000 of 64 bytes failed: Only part of a ReadProcessMemory or WriteProcessMemory request was completed. (0x12B)
[0527/180639.852:WARNING:pe_image_reader.cc(340)] could not read dos header from C:\WINDOWS\System32\WS2_32.dll
[0527/180639.852:ERROR:process_memory_win.cc(73)] ReadMemory at 0x7ff912710000 of 64 bytes failed: Only part of a ReadProcessMemory or WriteProcessMemory request was completed. (0x12B)
[0527/180639.852:WARNING:pe_image_reader.cc(340)] could not read dos header from C:\WINDOWS\System32\OLEAUT32.dll
[0527/180639.853:ERROR:process_memory_win.cc(73)] ReadMemory at 0x7ff90fae0000 of 64 bytes failed: Only part of a ReadProcessMemory or WriteProcessMemory request was completed. (0x12B)
[0527/180639.853:WARNING:pe_image_reader.cc(340)] could not read dos header from C:\WINDOWS\System32\msvcp_win.dll
[0527/180639.853:ERROR:process_memory_win.cc(73)] ReadMemory at 0x7ff9101c0000 of 64 bytes failed: Only part of a ReadProcessMemory or WriteProcessMemory request was completed. (0x12B)
[0527/180639.853:WARNING:pe_image_reader.cc(340)] could not read dos header from C:\WINDOWS\System32\ucrtbase.dll
[0527/180639.853:ERROR:process_memory_win.cc(73)] ReadMemory at 0x7ff910860000 of 64 bytes failed: Only part of a ReadProcessMemory or WriteProcessMemory request was completed. (0x12B)
[0527/180639.853:WARNING:pe_image_reader.cc(340)] could not read dos header from C:\WINDOWS\System32\combase.dll
[0527/180639.853:ERROR:process_memory_win.cc(73)] ReadMemory at 0x7ff90f300000 of 64 bytes failed: Only part of a ReadProcessMemory or WriteProcessMemory request was completed. (0x12B)
[0527/180639.853:WARNING:pe_image_reader.cc(340)] could not read dos header from C:\WINDOWS\System32\WINTRUST.dll
[0527/180639.853:ERROR:process_memory_win.cc(73)] ReadMemory at 0x7ff90f2b0000 of 64 bytes failed: Only part of a ReadProcessMemory or WriteProcessMemory request was completed. (0x12B)
[0527/180639.853:WARNING:pe_image_reader.cc(340)] could not read dos header from C:\WINDOWS\System32\MSASN1.dll
[0527/180639.853:ERROR:process_memory_win.cc(73)] ReadMemory at 0x7ff90fb80000 of 64 bytes failed: Only part of a ReadProcessMemory or WriteProcessMemory request was completed. (0x12B)
[0527/180639.853:WARNING:pe_image_reader.cc(340)] could not read dos header from C:\WINDOWS\System32\CRYPT32.dll
[0527/180639.853:ERROR:process_memory_win.cc(73)] ReadMemory at 0x7ff90e760000 of 64 bytes failed: Only part of a ReadProcessMemory or WriteProcessMemory request was completed. (0x12B)
[0527/180639.853:WARNING:pe_image_reader.cc(340)] could not read dos header from C:\WINDOWS\SYSTEM32\IPHLPAPI.DLL
[0527/180639.853:ERROR:process_memory_win.cc(73)] ReadMemory at 0x7ff90bd00000 of 64 bytes failed: Only part of a ReadProcessMemory or WriteProcessMemory request was completed. (0x12B)
[0527/180639.853:WARNING:pe_image_reader.cc(340)] could not read dos header from C:\WINDOWS\SYSTEM32\WINMM.dll
[0527/180639.853:ERROR:process_memory_win.cc(73)] ReadMemory at 0x7ff8e9c30000 of 64 bytes failed: Only part of a ReadProcessMemory or WriteProcessMemory request was completed. (0x12B)
[0527/180639.853:WARNING:pe_image_reader.cc(340)] could not read dos header from C:\WINDOWS\SYSTEM32\Secur32.dll
[0527/180639.853:ERROR:process_memory_win.cc(73)] ReadMemory at 0x7ff90f130000 of 64 bytes failed: Only part of a ReadProcessMemory or WriteProcessMemory request was completed. (0x12B)
[0527/180639.853:WARNING:pe_image_reader.cc(340)] could not read dos header from C:\WINDOWS\SYSTEM32\USERENV.dll
[0527/180639.853:ERROR:process_memory_win.cc(73)] ReadMemory at 0x7ff90f2d0000 of 64 bytes failed: Only part of a ReadProcessMemory or WriteProcessMemory request was completed. (0x12B)
[0527/180639.853:WARNING:pe_image_reader.cc(340)] could not read dos header from C:\WINDOWS\System32\profapi.dll
[0527/180639.853:ERROR:process_memory_win.cc(73)] ReadMemory at 0x7ff8e5f00000 of 64 bytes failed: Only part of a ReadProcessMemory or WriteProcessMemory request was completed. (0x12B)
[0527/180639.853:WARNING:pe_image_reader.cc(340)] could not read dos header from C:\WINDOWS\SYSTEM32\UIAutomationCore.DLL
[0527/180639.854:ERROR:process_memory_win.cc(73)] ReadMemory at 0x7ff8ff2e0000 of 64 bytes failed: Only part of a ReadProcessMemory or WriteProcessMemory request was completed. (0x12B)
[0527/180639.854:WARNING:pe_image_reader.cc(340)] could not read dos header from C:\WINDOWS\SYSTEM32\DWrite.dll
[0527/180639.854:ERROR:process_memory_win.cc(73)] ReadMemory at 0x7ff908d20000 of 64 bytes failed: Only part of a ReadProcessMemory or WriteProcessMemory request was completed. (0x12B)
[0527/180639.854:WARNING:pe_image_reader.cc(340)] could not read dos header from C:\WINDOWS\SYSTEM32\WINSPOOL.DRV
[0527/180639.854:ERROR:process_memory_win.cc(73)] ReadMemory at 0x7ff90f230000 of 64 bytes failed: Only part of a ReadProcessMemory or WriteProcessMemory request was completed. (0x12B)
[0527/180639.854:WARNING:pe_image_reader.cc(340)] could not read dos header from C:\WINDOWS\System32\kernel.appcore.dll
[0527/180639.854:ERROR:process_memory_win.cc(73)] ReadMemory at 0x7ff90f360000 of 64 bytes failed: Only part of a ReadProcessMemory or WriteProcessMemory request was completed. (0x12B)
[0527/180639.854:WARNING:pe_image_reader.cc(340)] could not read dos header from C:\WINDOWS\System32\bcrypt.dll
[0527/180639.854:ERROR:process_memory_win.cc(73)] ReadMemory at 0x7ff8e9270000 of 64 bytes failed: Only part of a ReadProcessMemory or WriteProcessMemory request was completed. (0x12B)
[0527/180639.854:WARNING:pe_image_reader.cc(340)] could not read dos header from C:\WINDOWS\SYSTEM32\dbghelp.dll
[0527/180639.854:ERROR:process_memory_win.cc(73)] ReadMemory at 0x7ff90b190000 of 64 bytes failed: Only part of a ReadProcessMemory or WriteProcessMemory request was completed. (0x12B)
[0527/180639.854:WARNING:pe_image_reader.cc(340)] could not read dos header from C:\WINDOWS\SYSTEM32\WINHTTP.dll
[0527/180639.854:ERROR:process_memory_win.cc(73)] ReadMemory at 0x7ff909a60000 of 64 bytes failed: Only part of a ReadProcessMemory or WriteProcessMemory request was completed. (0x12B)
[0527/180639.854:WARNING:pe_image_reader.cc(340)] could not read dos header from C:\WINDOWS\SYSTEM32\dhcpcsvc.DLL
[0527/180639.854:ERROR:process_memory_win.cc(73)] ReadMemory at 0x7ff910850000 of 64 bytes failed: Only part of a ReadProcessMemory or WriteProcessMemory request was completed. (0x12B)
[0527/180639.854:WARNING:pe_image_reader.cc(340)] could not read dos header from C:\WINDOWS\System32\NSI.dll
[0527/180639.854:ERROR:process_memory_win.cc(73)] ReadMemory at 0x7ff90bcd0000 of 64 bytes failed: Only part of a ReadProcessMemory or WriteProcessMemory request was completed. (0x12B)
[0527/180639.854:WARNING:pe_image_reader.cc(340)] could not read dos header from C:\WINDOWS\SYSTEM32\WINMMBASE.dll
[0527/180639.854:ERROR:process_memory_win.cc(73)] ReadMemory at 0x7ff9100c0000 of 64 bytes failed: Only part of a ReadProcessMemory or WriteProcessMemory request was completed. (0x12B)
[0527/180639.854:WARNING:pe_image_reader.cc(340)] could not read dos header from C:\WINDOWS\System32\cfgmgr32.dll
[0527/180639.854:ERROR:process_memory_win.cc(73)] ReadMemory at 0x7ff904620000 of 64 bytes failed: Only part of a ReadProcessMemory or WriteProcessMemory request was completed. (0x12B)
[0527/180639.854:WARNING:pe_image_reader.cc(340)] could not read dos header from C:\WINDOWS\SYSTEM32\Bcp47Langs.dll
[0527/180639.854:ERROR:process_memory_win.cc(73)] ReadMemory at 0x7ff90dcf0000 of 64 bytes failed: Only part of a ReadProcessMemory or WriteProcessMemory request was completed. (0x12B)
[0527/180639.855:WARNING:pe_image_reader.cc(340)] could not read dos header from C:\WINDOWS\SYSTEM32\PROPSYS.dll
[0527/180639.855:ERROR:process_memory_win.cc(73)] ReadMemory at 0x7ff912ae0000 of 64 bytes failed: Only part of a ReadProcessMemory or WriteProcessMemory request was completed. (0x12B)
[0527/180639.855:WARNING:pe_image_reader.cc(340)] could not read dos header from C:\WINDOWS\System32\shcore.dll
[0527/180639.855:ERROR:process_memory_win.cc(73)] ReadMemory at 0x7ff90f160000 of 64 bytes failed: Only part of a ReadProcessMemory or WriteProcessMemory request was completed. (0x12B)
[0527/180639.855:WARNING:pe_image_reader.cc(340)] could not read dos header from C:\WINDOWS\SYSTEM32\SSPICLI.DLL
[0527/180639.855:ERROR:process_memory_win.cc(73)] ReadMemory at 0x7ff90ec10000 of 64 bytes failed: Only part of a ReadProcessMemory or WriteProcessMemory request was completed. (0x12B)
[0527/180639.855:WARNING:pe_image_reader.cc(340)] could not read dos header from C:\WINDOWS\SYSTEM32\CRYPTBASE.DLL
[0527/180639.862:ERROR:process_memory_win.cc(73)] ReadMemory at 0xa3b7fea000 of 90112 bytes failed: Only part of a ReadProcessMemory or WriteProcessMemory request was completed. (0x12B)
[0527/180639.863:ERROR:process_memory_win.cc(73)] ReadMemory at 0xa3b87fd000 of 12288 bytes failed: Only part of a ReadProcessMemory or WriteProcessMemory request was completed. (0x12B)
[0527/180639.863:ERROR:process_memory_win.cc(73)] ReadMemory at 0xa3b8ffc000 of 16384 bytes failed: Only part of a ReadProcessMemory or WriteProcessMemory request was completed. (0x12B)
[0527/180639.863:ERROR:process_memory_win.cc(73)] ReadMemory at 0xa3b97fd000 of 12288 bytes failed: Only part of a ReadProcessMemory or WriteProcessMemory request was completed. (0x12B)
[0527/180639.863:ERROR:process_memory_win.cc(73)] ReadMemory at 0xa3b9ffc000 of 16384 bytes failed: Only part of a ReadProcessMemory or WriteProcessMemory request was completed. (0x12B)
[0527/180639.863:ERROR:process_memory_win.cc(73)] ReadMemory at 0xa3ba7ff000 of 4096 bytes failed: Only part of a ReadProcessMemory or WriteProcessMemory request was completed. (0x12B)
[0527/180639.863:ERROR:process_memory_win.cc(73)] ReadMemory at 0xa3baffd000 of 12288 bytes failed: Only part of a ReadProcessMemory or WriteProcessMemory request was completed. (0x12B)
[0527/180639.863:ERROR:process_memory_win.cc(73)] ReadMemory at 0xa3bb7fb000 of 20480 bytes failed: Only part of a ReadProcessMemory or WriteProcessMemory request was completed. (0x12B)
[0527/180639.863:ERROR:process_memory_win.cc(73)] ReadMemory at 0xa3bbffd000 of 12288 bytes failed: Only part of a ReadProcessMemory or WriteProcessMemory request was completed. (0x12B)
[0527/180639.863:ERROR:process_memory_win.cc(73)] ReadMemory at 0xa3bc7fb000 of 20480 bytes failed: Only part of a ReadProcessMemory or WriteProcessMemory request was completed. (0x12B)
[0527/180639.864:ERROR:process_memory_win.cc(73)] ReadMemory at 0xa3bcff6000 of 40960 bytes failed: Only part of a ReadProcessMemory or WriteProcessMemory request was completed. (0x12B)
[0527/180639.864:ERROR:process_memory_win.cc(73)] ReadMemory at 0xa3bd7fd000 of 12288 bytes failed: Only part of a ReadProcessMemory or WriteProcessMemory request was completed. (0x12B)
[0527/180639.864:ERROR:process_memory_win.cc(73)] ReadMemory at 0xa3bdffd000 of 12288 bytes failed: Only part of a ReadProcessMemory or WriteProcessMemory request was completed. (0x12B)
[0527/180639.864:ERROR:process_memory_win.cc(73)] ReadMemory at 0xa3be7fd000 of 12288 bytes failed: Only part of a ReadProcessMemory or WriteProcessMemory request was completed. (0x12B)
[0527/180639.864:ERROR:process_memory_win.cc(73)] ReadMemory at 0xa3beffc000 of 16384 bytes failed: Only part of a ReadProcessMemory or WriteProcessMemory request was completed. (0x12B)
[0527/180639.864:ERROR:process_memory_win.cc(73)] ReadMemory at 0xa3b76c3000 of 852 bytes failed: Only part of a ReadProcessMemory or WriteProcessMemory request was completed. (0x12B)
[0527/180639.864:ERROR:process_memory_win.cc(73)] ReadMemory at 0xa3b76c4000 of 6024 bytes failed: Only part of a ReadProcessMemory or WriteProcessMemory request was completed. (0x12B)
[0527/180639.864:ERROR:process_memory_win.cc(73)] ReadMemory at 0xa3b76c6000 of 6024 bytes failed: Only part of a ReadProcessMemory or WriteProcessMemory request was completed. (0x12B)
[0527/180639.864:ERROR:process_memory_win.cc(73)] ReadMemory at 0xa3b76c8000 of 6024 bytes failed: Only part of a ReadProcessMemory or WriteProcessMemory request was completed. (0x12B)
[0527/180639.864:ERROR:process_memory_win.cc(73)] ReadMemory at 0xa3b76ca000 of 6024 bytes failed: Only part of a ReadProcessMemory or WriteProcessMemory request was completed. (0x12B)
[0527/180639.864:ERROR:process_memory_win.cc(73)] ReadMemory at 0xa3b76cc000 of 6024 bytes failed: Only part of a ReadProcessMemory or WriteProcessMemory request was completed. (0x12B)
[0527/180639.864:ERROR:process_memory_win.cc(73)] ReadMemory at 0xa3b76ce000 of 6024 bytes failed: Only part of a ReadProcessMemory or WriteProcessMemory request was completed. (0x12B)
[0527/180639.864:ERROR:process_memory_win.cc(73)] ReadMemory at 0xa3b76d0000 of 6024 bytes failed: Only part of a ReadProcessMemory or WriteProcessMemory request was completed. (0x12B)
[0527/180639.865:ERROR:process_memory_win.cc(73)] ReadMemory at 0xa3b76d2000 of 6024 bytes failed: Only part of a ReadProcessMemory or WriteProcessMemory request was completed. (0x12B)
[0527/180639.865:ERROR:process_memory_win.cc(73)] ReadMemory at 0xa3b76d4000 of 6024 bytes failed: Only part of a ReadProcessMemory or WriteProcessMemory request was completed. (0x12B)
[0527/180639.865:ERROR:process_memory_win.cc(73)] ReadMemory at 0xa3b76d6000 of 6024 bytes failed: Only part of a ReadProcessMemory or WriteProcessMemory request was completed. (0x12B)
[0527/180639.865:ERROR:process_memory_win.cc(73)] ReadMemory at 0xa3b76d8000 of 6024 bytes failed: Only part of a ReadProcessMemory or WriteProcessMemory request was completed. (0x12B)
[0527/180639.865:ERROR:process_memory_win.cc(73)] ReadMemory at 0xa3b76da000 of 6024 bytes failed: Only part of a ReadProcessMemory or WriteProcessMemory request was completed. (0x12B)
[0527/180639.865:ERROR:process_memory_win.cc(73)] ReadMemory at 0xa3b76dc000 of 6024 bytes failed: Only part of a ReadProcessMemory or WriteProcessMemory request was completed. (0x12B)
[0527/180639.865:ERROR:process_memory_win.cc(73)] ReadMemory at 0xa3b76de000 of 6024 bytes failed: Only part of a ReadProcessMemory or WriteProcessMemory request was completed. (0x12B)
[0527/180639.865:ERROR:process_memory_win.cc(73)] ReadMemory at 0xa3b76e0000 of 6024 bytes failed: Only part of a ReadProcessMemory or WriteProcessMemory request was completed. (0x12B)
[0527/180639.865:ERROR:process_memory_win.cc(73)] ReadMemory at 0x1f9801f1840 of 512 bytes failed: Only part of a ReadProcessMemory or WriteProcessMemory request was completed. (0x12B)
[0527/180639.865:ERROR:process_memory_win.cc(73)] ReadMemory at 0x1f980560000 of 384 bytes failed: Only part of a ReadProcessMemory or WriteProcessMemory request was completed. (0x12B)
[0527/180639.865:ERROR:process_memory_win.cc(73)] ReadMemory at 0x1f9805a2810 of 512 bytes failed: Only part of a ReadProcessMemory or WriteProcessMemory request was completed. (0x12B)
[0527/180639.865:ERROR:process_memory_win.cc(73)] ReadMemory at 0x1f9805d5eb0 of 712 bytes failed: Only part of a ReadProcessMemory or WriteProcessMemory request was completed. (0x12B)
[0527/180639.865:ERROR:process_memory_win.cc(73)] ReadMemory at 0x1f9805e2740 of 512 bytes failed: Only part of a ReadProcessMemory or WriteProcessMemory request was completed. (0x12B)
[0527/180639.865:ERROR:process_memory_win.cc(73)] ReadMemory at 0x1f9805e7d40 of 536 bytes failed: Only part of a ReadProcessMemory or WriteProcessMemory request was completed. (0x12B)
[0527/180639.865:ERROR:process_memory_win.cc(73)] ReadMemory at 0x1f981ca0c10 of 512 bytes failed: Only part of a ReadProcessMemory or WriteProcessMemory request was completed. (0x12B)
[0527/180639.866:ERROR:process_memory_win.cc(73)] ReadMemory at 0x1f981caf6d0 of 512 bytes failed: Only part of a ReadProcessMemory or WriteProcessMemory request was completed. (0x12B)
[0527/180639.866:ERROR:process_memory_win.cc(73)] ReadMemory at 0x1f983150870 of 512 bytes failed: Only part of a ReadProcessMemory or WriteProcessMemory request was completed. (0x12B)
[0527/180639.866:ERROR:process_memory_win.cc(73)] ReadMemory at 0x1f983151c50 of 512 bytes failed: Only part of a ReadProcessMemory or WriteProcessMemory request was completed. (0x12B)
[0527/180639.866:ERROR:process_memory_win.cc(73)] ReadMemory at 0x1f983166970 of 512 bytes failed: Only part of a ReadProcessMemory or WriteProcessMemory request was completed. (0x12B)
[0527/180639.866:ERROR:process_memory_win.cc(73)] ReadMemory at 0x1f9a04a0fe0 of 10184 bytes failed: Only part of a ReadProcessMemory or WriteProcessMemory request was completed. (0x12B)
[0527/180639.866:ERROR:process_memory_win.cc(73)] ReadMemory at 0x1f9a04a37b0 of 1012 bytes failed: Only part of a ReadProcessMemory or WriteProcessMemory request was completed. (0x12B)
[0527/180639.866:ERROR:process_memory_win.cc(73)] ReadMemory at 0x1f9a04a3dd8 of 118 bytes failed: Only part of a ReadProcessMemory or WriteProcessMemory request was completed. (0x12B)
[0527/180639.866:ERROR:process_memory_win.cc(73)] ReadMemory at 0x1f9a04a3e50 of 1130 bytes failed: Only part of a ReadProcessMemory or WriteProcessMemory request was completed. (0x12B)
[0527/180639.866:ERROR:process_memory_win.cc(73)] ReadMemory at 0x1f9a04a42bc of 118 bytes failed: Only part of a ReadProcessMemory or WriteProcessMemory request was completed. (0x12B)
[0527/180639.866:ERROR:process_memory_win.cc(73)] ReadMemory at 0x1f9a04a4334 of 94 bytes failed: Only part of a ReadProcessMemory or WriteProcessMemory request was completed. (0x12B)
[0527/180639.866:ERROR:process_memory_win.cc(73)] ReadMemory at 0x1f9a04a43a0 of 58 bytes failed: Only part of a ReadProcessMemory or WriteProcessMemory request was completed. (0x12B)
[0527/180639.866:ERROR:process_memory_win.cc(73)] ReadMemory at 0x1f9a04a44a0 of 132 bytes failed: Only part of a ReadProcessMemory or WriteProcessMemory request was completed. (0x12B)
[0527/180639.866:ERROR:process_memory_win.cc(73)] ReadMemory at 0x1f9a04a4630 of 132 bytes failed: Only part of a ReadProcessMemory or WriteProcessMemory request was completed. (0x12B)
[0527/180639.866:ERROR:process_memory_win.cc(73)] ReadMemory at 0x1f9a04a47f0 of 124 bytes failed: Only part of a ReadProcessMemory or WriteProcessMemory request was completed. (0x12B)
[0527/180639.866:ERROR:process_memory_win.cc(73)] ReadMemory at 0x1f9a04a4bd0 of 132 bytes failed: Only part of a ReadProcessMemory or WriteProcessMemory request was completed. (0x12B)
[0527/180639.866:ERROR:process_memory_win.cc(73)] ReadMemory at 0x1f9a04a4d60 of 64 bytes failed: Only part of a ReadProcessMemory or WriteProcessMemory request was completed. (0x12B)
[0527/180639.866:ERROR:process_memory_win.cc(73)] ReadMemory at 0x1f9a04a4db0 of 132 bytes failed: Only part of a ReadProcessMemory or WriteProcessMemory request was completed. (0x12B)
[0527/180639.866:ERROR:process_memory_win.cc(73)] ReadMemory at 0x1f9a04a4f20 of 132 bytes failed: Only part of a ReadProcessMemory or WriteProcessMemory request was completed. (0x12B)
[0527/180639.867:ERROR:process_memory_win.cc(73)] ReadMemory at 0x1f9a04a51c0 of 132 bytes failed: Only part of a ReadProcessMemory or WriteProcessMemory request was completed. (0x12B)
[0527/180639.867:ERROR:process_memory_win.cc(73)] ReadMemory at 0x1f9a04a5350 of 68 bytes failed: Only part of a ReadProcessMemory or WriteProcessMemory request was completed. (0x12B)
[0527/180639.867:ERROR:process_memory_win.cc(73)] ReadMemory at 0x1f9a04a63c0 of 132 bytes failed: Only part of a ReadProcessMemory or WriteProcessMemory request was completed. (0x12B)
[0527/180639.867:ERROR:process_memory_win.cc(73)] ReadMemory at 0x1f9a04a6550 of 152 bytes failed: Only part of a ReadProcessMemory or WriteProcessMemory request was completed. (0x12B)
[0527/180639.867:ERROR:process_memory_win.cc(73)] ReadMemory at 0x1f9a04a7420 of 62 bytes failed: Only part of a ReadProcessMemory or WriteProcessMemory request was completed. (0x12B)
[0527/180639.867:ERROR:process_memory_win.cc(73)] ReadMemory at 0x1f9a04a7580 of 132 bytes failed: Only part of a ReadProcessMemory or WriteProcessMemory request was completed. (0x12B)
[0527/180639.867:ERROR:process_memory_win.cc(73)] ReadMemory at 0x1f9a04a7710 of 60 bytes failed: Only part of a ReadProcessMemory or WriteProcessMemory request was completed. (0x12B)
[0527/180639.867:ERROR:process_memory_win.cc(73)] ReadMemory at 0x1f9a04a7cfa of 512 bytes failed: Only part of a ReadProcessMemory or WriteProcessMemory request was completed. (0x12B)
[0527/180639.867:ERROR:process_memory_win.cc(73)] ReadMemory at 0x1f9a04ac790 of 132 bytes failed: Only part of a ReadProcessMemory or WriteProcessMemory request was completed. (0x12B)
[0527/180639.867:ERROR:process_memory_win.cc(73)] ReadMemory at 0x1f9a04acae0 of 132 bytes failed: Only part of a ReadProcessMemory or WriteProcessMemory request was completed. (0x12B)
[0527/180639.867:ERROR:process_memory_win.cc(73)] ReadMemory at 0x1f9a04acca0 of 64 bytes failed: Only part of a ReadProcessMemory or WriteProcessMemory request was completed. (0x12B)
[0527/180639.867:ERROR:process_memory_win.cc(73)] ReadMemory at 0x1f9a04acde0 of 66 bytes failed: Only part of a ReadProcessMemory or WriteProcessMemory request was completed. (0x12B)
[0527/180639.867:ERROR:process_memory_win.cc(73)] ReadMemory at 0x1f9a04acfc0 of 62 bytes failed: Only part of a ReadProcessMemory or WriteProcessMemory request was completed. (0x12B)
[0527/180639.867:ERROR:process_memory_win.cc(73)] ReadMemory at 0x1f9a04ad0b0 of 60 bytes failed: Only part of a ReadProcessMemory or WriteProcessMemory request was completed. (0x12B)
[0527/180639.867:ERROR:process_memory_win.cc(73)] ReadMemory at 0x1f9a04ad150 of 60 bytes failed: Only part of a ReadProcessMemory or WriteProcessMemory request was completed. (0x12B)
[0527/180639.867:ERROR:process_memory_win.cc(73)] ReadMemory at 0x1f9a04ad1f0 of 64 bytes failed: Only part of a ReadProcessMemory or WriteProcessMemory request was completed. (0x12B)
[0527/180639.867:ERROR:process_memory_win.cc(73)] ReadMemory at 0x1f9a04ad240 of 64 bytes failed: Only part of a ReadProcessMemory or WriteProcessMemory request was completed. (0x12B)
[0527/180639.868:ERROR:process_memory_win.cc(73)] ReadMemory at 0x1f9a04ad290 of 62 bytes failed: Only part of a ReadProcessMemory or WriteProcessMemory request was completed. (0x12B)
[0527/180639.868:ERROR:process_memory_win.cc(73)] ReadMemory at 0x1f9a04ad2e0 of 64 bytes failed: Only part of a ReadProcessMemory or WriteProcessMemory request was completed. (0x12B)
[0527/180639.868:ERROR:process_memory_win.cc(73)] ReadMemory at 0x1f9a04ad860 of 132 bytes failed: Only part of a ReadProcessMemory or WriteProcessMemory request was completed. (0x12B)
[0527/180639.868:ERROR:process_memory_win.cc(73)] ReadMemory at 0x1f9a04ada80 of 132 bytes failed: Only part of a ReadProcessMemory or WriteProcessMemory request was completed. (0x12B)
[0527/180639.868:ERROR:process_memory_win.cc(73)] ReadMemory at 0x1f9a04adb30 of 512 bytes failed: Only part of a ReadProcessMemory or WriteProcessMemory request was completed. (0x12B)
[0527/180639.868:ERROR:process_memory_win.cc(73)] ReadMemory at 0x1f9a04ade40 of 132 bytes failed: Only part of a ReadProcessMemory or WriteProcessMemory request was completed. (0x12B)
[0527/180639.868:ERROR:process_memory_win.cc(73)] ReadMemory at 0x1f9a04adfd0 of 80 bytes failed: Only part of a ReadProcessMemory or WriteProcessMemory request was completed. (0x12B)
[0527/180639.868:ERROR:process_memory_win.cc(73)] ReadMemory at 0x1f9a04ae420 of 80 bytes failed: Only part of a ReadProcessMemory or WriteProcessMemory request was completed. (0x12B)
[0527/180639.868:ERROR:process_memory_win.cc(73)] ReadMemory at 0x1f9a04ae9c0 of 76 bytes failed: Only part of a ReadProcessMemory or WriteProcessMemory request was completed. (0x12B)
[0527/180639.868:ERROR:process_memory_win.cc(73)] ReadMemory at 0x1f9a04b2d30 of 54 bytes failed: Only part of a ReadProcessMemory or WriteProcessMemory request was completed. (0x12B)
[0527/180639.868:ERROR:process_memory_win.cc(73)] ReadMemory at 0x1f9a04b39f0 of 132 bytes failed: Only part of a ReadProcessMemory or WriteProcessMemory request was completed. (0x12B)
[0527/180639.868:ERROR:process_memory_win.cc(73)] ReadMemory at 0x1f9a04b3c00 of 132 bytes failed: Only part of a ReadProcessMemory or WriteProcessMemory request was completed. (0x12B)
[0527/180639.868:ERROR:process_memory_win.cc(73)] ReadMemory at 0x1f9a04b4320 of 132 bytes failed: Only part of a ReadProcessMemory or WriteProcessMemory request was completed. (0x12B)
[0527/180639.868:ERROR:process_memory_win.cc(73)] ReadMemory at 0x1f9a04b5c90 of 132 bytes failed: Only part of a ReadProcessMemory or WriteProcessMemory request was completed. (0x12B)
[0527/180639.868:ERROR:process_memory_win.cc(73)] ReadMemory at 0x1f9a04b5f20 of 144 bytes failed: Only part of a ReadProcessMemory or WriteProcessMemory request was completed. (0x12B)
[0527/180639.868:ERROR:process_memory_win.cc(73)] ReadMemory at 0x1f9a04b7a50 of 132 bytes failed: Only part of a ReadProcessMemory or WriteProcessMemory request was completed. (0x12B)
[0527/180639.868:ERROR:process_memory_win.cc(73)] ReadMemory at 0x1f9a04b7b80 of 132 bytes failed: Only part of a ReadProcessMemory or WriteProcessMemory request was completed. (0x12B)
[0527/180639.868:ERROR:process_memory_win.cc(73)] ReadMemory at 0x1f9a04b7cb0 of 132 bytes failed: Only part of a ReadProcessMemory or WriteProcessMemory request was completed. (0x12B)
[0527/180639.868:ERROR:process_memory_win.cc(73)] ReadMemory at 0x1f9a04b7de0 of 132 bytes failed: Only part of a ReadProcessMemory or WriteProcessMemory request was completed. (0x12B)
[0527/180639.868:ERROR:process_memory_win.cc(73)] ReadMemory at 0x1f9a04b7f10 of 132 bytes failed: Only part of a ReadProcessMemory or WriteProcessMemory request was completed. (0x12B)
[0527/180639.868:ERROR:process_memory_win.cc(73)] ReadMemory at 0x1f9a04b8040 of 132 bytes failed: Only part of a ReadProcessMemory or WriteProcessMemory request was completed. (0x12B)
[0527/180639.869:ERROR:process_memory_win.cc(73)] ReadMemory at 0x1f9a04b8170 of 132 bytes failed: Only part of a ReadProcessMemory or WriteProcessMemory request was completed. (0x12B)
[0527/180639.869:ERROR:process_memory_win.cc(73)] ReadMemory at 0x1f9a04b83d0 of 132 bytes failed: Only part of a ReadProcessMemory or WriteProcessMemory request was completed. (0x12B)
[0527/180639.869:ERROR:process_memory_win.cc(73)] ReadMemory at 0x1f9a04b8500 of 132 bytes failed: Only part of a ReadProcessMemory or WriteProcessMemory request was completed. (0x12B)
[0527/180639.869:ERROR:process_memory_win.cc(73)] ReadMemory at 0x1f9a04b8630 of 132 bytes failed: Only part of a ReadProcessMemory or WriteProcessMemory request was completed. (0x12B)
[0527/180639.869:ERROR:process_memory_win.cc(73)] ReadMemory at 0x1f9a04b8760 of 132 bytes failed: Only part of a ReadProcessMemory or WriteProcessMemory request was completed. (0x12B)
[0527/180639.869:ERROR:process_memory_win.cc(73)] ReadMemory at 0x1f9a04b8890 of 132 bytes failed: Only part of a ReadProcessMemory or WriteProcessMemory request was completed. (0x12B)
[0527/180639.869:ERROR:process_memory_win.cc(73)] ReadMemory at 0x1f9a04b8d70 of 60 bytes failed: Only part of a ReadProcessMemory or WriteProcessMemory request was completed. (0x12B)
[0527/180639.869:ERROR:process_memory_win.cc(73)] ReadMemory at 0x1f9a04b8dc0 of 60 bytes failed: Only part of a ReadProcessMemory or WriteProcessMemory request was completed. (0x12B)
[0527/180639.869:ERROR:process_memory_win.cc(73)] ReadMemory at 0x1f9a04b8e10 of 62 bytes failed: Only part of a ReadProcessMemory or WriteProcessMemory request was completed. (0x12B)
[0527/180639.869:ERROR:process_memory_win.cc(73)] ReadMemory at 0x1f9a04b8e60 of 64 bytes failed: Only part of a ReadProcessMemory or WriteProcessMemory request was completed. (0x12B)
[0527/180639.869:ERROR:process_memory_win.cc(73)] ReadMemory at 0x1f9a04b8ff0 of 62 bytes failed: Only part of a ReadProcessMemory or WriteProcessMemory request was completed. (0x12B)
[0527/180639.869:ERROR:process_memory_win.cc(73)] ReadMemory at 0x1f9a04b9220 of 62 bytes failed: Only part of a ReadProcessMemory or WriteProcessMemory request was completed. (0x12B)
[0527/180639.869:ERROR:process_memory_win.cc(73)] ReadMemory at 0x1f9a04b9270 of 64 bytes failed: Only part of a ReadProcessMemory or WriteProcessMemory request was completed. (0x12B)
[0527/180639.869:ERROR:process_memory_win.cc(73)] ReadMemory at 0x1f9a04b92c0 of 62 bytes failed: Only part of a ReadProcessMemory or WriteProcessMemory request was completed. (0x12B)
[0527/180639.869:ERROR:process_memory_win.cc(73)] ReadMemory at 0x1f9a04b9310 of 60 bytes failed: Only part of a ReadProcessMemory or WriteProcessMemory request was completed. (0x12B)
[0527/180639.869:ERROR:process_memory_win.cc(73)] ReadMemory at 0x1f9a04b9360 of 62 bytes failed: Only part of a ReadProcessMemory or WriteProcessMemory request was completed. (0x12B)
[0527/180639.869:ERROR:process_memory_win.cc(73)] ReadMemory at 0x1f9a04b93b0 of 64 bytes failed: Only part of a ReadProcessMemory or WriteProcessMemory request was completed. (0x12B)
[0527/180639.869:ERROR:process_memory_win.cc(73)] ReadMemory at 0x1f9a04b9450 of 66 bytes failed: Only part of a ReadProcessMemory or WriteProcessMemory request was completed. (0x12B)
[0527/180639.869:ERROR:process_memory_win.cc(73)] ReadMemory at 0x1f9a04b94a0 of 60 bytes failed: Only part of a ReadProcessMemory or WriteProcessMemory request was completed. (0x12B)
[0527/180639.870:ERROR:process_memory_win.cc(73)] ReadMemory at 0x1f9a04b9590 of 62 bytes failed: Only part of a ReadProcessMemory or WriteProcessMemory request was completed. (0x12B)
[0527/180639.870:ERROR:process_memory_win.cc(73)] ReadMemory at 0x1f9a04b9680 of 58 bytes failed: Only part of a ReadProcessMemory or WriteProcessMemory request was completed. (0x12B)
[0527/180639.870:ERROR:process_memory_win.cc(73)] ReadMemory at 0x1f9a04b9770 of 64 bytes failed: Only part of a ReadProcessMemory or WriteProcessMemory request was completed. (0x12B)
[0527/180639.870:ERROR:process_memory_win.cc(73)] ReadMemory at 0x1f9a04b97c0 of 68 bytes failed: Only part of a ReadProcessMemory or WriteProcessMemory request was completed. (0x12B)
[0527/180639.870:ERROR:process_memory_win.cc(73)] ReadMemory at 0x1f9a04b9900 of 62 bytes failed: Only part of a ReadProcessMemory or WriteProcessMemory request was completed. (0x12B)
[0527/180639.870:ERROR:process_memory_win.cc(73)] ReadMemory at 0x1f9a04b9b80 of 62 bytes failed: Only part of a ReadProcessMemory or WriteProcessMemory request was completed. (0x12B)
[0527/180639.870:ERROR:process_memory_win.cc(73)] ReadMemory at 0x1f9a04b9ea0 of 132 bytes failed: Only part of a ReadProcessMemory or WriteProcessMemory request was completed. (0x12B)
[0527/180639.870:ERROR:process_memory_win.cc(73)] ReadMemory at 0x1f9a04b9fd0 of 132 bytes failed: Only part of a ReadProcessMemory or WriteProcessMemory request was completed. (0x12B)
[0527/180639.870:ERROR:process_memory_win.cc(73)] ReadMemory at 0x1f9a04ba100 of 132 bytes failed: Only part of a ReadProcessMemory or WriteProcessMemory request was completed. (0x12B)
[0527/180639.870:ERROR:process_memory_win.cc(73)] ReadMemory at 0x1f9a04ba360 of 132 bytes failed: Only part of a ReadProcessMemory or WriteProcessMemory request was completed. (0x12B)
[0527/180639.870:ERROR:process_memory_win.cc(73)] ReadMemory at 0x1f9a04ba6f0 of 132 bytes failed: Only part of a ReadProcessMemory or WriteProcessMemory request was completed. (0x12B)
[0527/180639.870:ERROR:process_memory_win.cc(73)] ReadMemory at 0x1f9a04ba820 of 132 bytes failed: Only part of a ReadProcessMemory or WriteProcessMemory request was completed. (0x12B)
[0527/180639.870:ERROR:process_memory_win.cc(73)] ReadMemory at 0x1f9a04ba950 of 132 bytes failed: Only part of a ReadProcessMemory or WriteProcessMemory request was completed. (0x12B)
[0527/180639.870:ERROR:process_memory_win.cc(73)] ReadMemory at 0x1f9a04baa80 of 132 bytes failed: Only part of a ReadProcessMemory or WriteProcessMemory request was completed. (0x12B)
[0527/180639.870:ERROR:process_memory_win.cc(73)] ReadMemory at 0x1f9a04bace0 of 132 bytes failed: Only part of a ReadProcessMemory or WriteProcessMemory request was completed. (0x12B)
[0527/180639.870:ERROR:process_memory_win.cc(73)] ReadMemory at 0x1f9a04bb400 of 132 bytes failed: Only part of a ReadProcessMemory or WriteProcessMemory request was completed. (0x12B)
[0527/180639.870:ERROR:process_memory_win.cc(73)] ReadMemory at 0x1f9a04bb790 of 132 bytes failed: Only part of a ReadProcessMemory or WriteProcessMemory request was completed. (0x12B)
[0527/180639.871:ERROR:process_memory_win.cc(73)] ReadMemory at 0x1f9a04bd930 of 512 bytes failed: Only part of a ReadProcessMemory or WriteProcessMemory request was completed. (0x12B)
[0527/180639.871:ERROR:process_memory_win.cc(73)] ReadMemory at 0x487600000000 of 384 bytes failed: Only part of a ReadProcessMemory or WriteProcessMemory request was completed. (0x12B)
[0527/180639.871:ERROR:process_memory_win.cc(73)] ReadMemory at 0x487608241685 of 512 bytes failed: Only part of a ReadProcessMemory or WriteProcessMemory request was completed. (0x12B)
[0527/180639.871:ERROR:process_memory_win.cc(73)] ReadMemory at 0x48760860038d of 512 bytes failed: Only part of a ReadProcessMemory or WriteProcessMemory request was completed. (0x12B)
[0527/180639.871:ERROR:process_memory_win.cc(73)] ReadMemory at 0x4876092a920d of 512 bytes failed: Only part of a ReadProcessMemory or WriteProcessMemory request was completed. (0x12B)
[0527/180639.871:ERROR:process_memory_win.cc(73)] ReadMemory at 0x7ff8c22f15e8 of 512 bytes failed: Only part of a ReadProcessMemory or WriteProcessMemory request was completed. (0x12B)
[0527/180639.871:ERROR:process_memory_win.cc(73)] ReadMemory at 0x7ff8c313806c of 512 bytes failed: Only part of a ReadProcessMemory or WriteProcessMemory request was completed. (0x12B)
[0527/180639.871:ERROR:process_memory_win.cc(73)] ReadMemory at 0x7ff8d2d3b97e of 512 bytes failed: Only part of a ReadProcessMemory or WriteProcessMemory request was completed. (0x12B)
[0527/180639.871:ERROR:process_memory_win.cc(73)] ReadMemory at 0x7ff90fe59689 of 512 bytes failed: Only part of a ReadProcessMemory or WriteProcessMemory request was completed. (0x12B)
[0527/180639.871:ERROR:process_memory_win.cc(73)] ReadMemory at 0x7ff91328ff10 of 512 bytes failed: Only part of a ReadProcessMemory or WriteProcessMemory request was completed. (0x12B)
[0527/180639.871:ERROR:process_memory_win.cc(73)] ReadMemory at 0x7ff9132df764 of 832 bytes failed: Only part of a ReadProcessMemory or WriteProcessMemory request was completed. (0x12B)
[0527/180639.871:ERROR:process_memory_win.cc(73)] ReadMemory at 0x7ff9132e2ff4 of 608 bytes failed: Only part of a ReadProcessMemory or WriteProcessMemory request was completed. (0x12B)
[0527/180639.871:ERROR:process_memory_win.cc(73)] ReadMemory at 0x7ff91336c0c8 of 18 bytes failed: Only part of a ReadProcessMemory or WriteProcessMemory request was completed. (0x12B)
[0527/180639.871:ERROR:process_memory_win.cc(73)] ReadMemory at 0x7ff91339f4f8 of 40 bytes failed: Only part of a ReadProcessMemory or WriteProcessMemory request was completed. (0x12B)
[0527/180639.871:ERROR:process_memory_win.cc(73)] ReadMemory at 0x7ff91339f978 of 48 bytes failed: Only part of a ReadProcessMemory or WriteProcessMemory request was completed. (0x12B)
[0527/180639.871:ERROR:process_memory_win.cc(73)] ReadMemory at 0x7ff9133a53c0 of 64 bytes failed: Only part of a ReadProcessMemory or WriteProcessMemory request was completed. (0x12B)
[0527/180639.873:ERROR:scoped_process_suspend.cc(40)] NtResumeProcess: An attempt was made to access an exiting process. (0xc000010a)
